<?xml version="1.0" encoding="UTF-8"?>
<testsuite xmlns:xsi="http://www.w3.org/2001/XMLSchema-instance" xsi:noNamespaceSchemaLocation="https://maven.apache.org/surefire/maven-surefire-plugin/xsd/surefire-test-report.xsd" name="pl.cekus.testing.AccountTest" time="0.025" tests="9" errors="0" skipped="0" failures="0">
  <properties>
[...]
</properties>
  <testcase name="accountShouldBeActiveAfterActivation" classname="pl.cekus.testing.AccountTest" time="0.004"/>
  <testcase name="newlyAccountShouldNotBeActiveAfterCreation" classname="pl.cekus.testing.AccountTest" time="0"/>
  <testcase name="defaultDeliveryAddressShouldNotBeNullAfterBeingSet" classname="pl.cekus.testing.AccountTest" time="0.002"/>
  <testcase name="newAccountWithNotNullAddressShouldBeActive" classname="pl.cekus.testing.AccountTest" time="0.001"/>
  <testcase name="newAccountWithNotNullAddressShouldBeActive" classname="pl.cekus.testing.AccountTest" time="0"/>
  <testcase name="newAccountWithNotNullAddressShouldBeActive" classname="pl.cekus.testing.AccountTest" time="0.001"/>
  <testcase name="newAccountWithNotNullAddressShouldBeActive" classname="pl.cekus.testing.AccountTest" time="0"/>
  <testcase name="newAccountWithNotNullAddressShouldBeActive" classname="pl.cekus.testing.AccountTest" time="0"/>
  <testcase name="newlyCreatedAccountShouldNotHaveDefaultDeliveryAddressSet" classname="pl.cekus.testing.AccountTest" time="0.001"/>
</testsuite>